<?xml version="1.0" encoding="utf-8"?><testsuites name="pytest tests"><testsuite name="pytest" errors="0" failures="0" skipped="0" tests="32" time="7.790" timestamp="2026-06-04T06:37:02.950858+00:00" hostname="agent-env-a6c92e5d-e411-4769-baa2-4976b9f791bb"><testcase classname="backend.tests.backend_test.TestSchools" name="test_list_schools_returns_80" time="0.275" /><testcase classname="backend.tests.backend_test.TestSchools" name="test_meta" time="0.104" /><testcase classname="backend.tests.backend_test.TestSchools" name="test_get_single_school" time="0.210" /><testcase classname="backend.tests.backend_test.TestSchools" name="test_get_school_404" time="0.112" /><testcase classname="backend.tests.backend_test.TestSchools" name="test_filter_by_area" time="0.207" /><testcase classname="backend.tests.backend_test.TestSchools" name="test_filter_by_board" time="0.111" /><testcase classname="backend.tests.backend_test.TestSchools" name="test_filter_by_facility" time="0.161" /><testcase classname="backend.tests.backend_test.TestSchools" name="test_filter_fees_max" time="0.104" /><testcase classname="backend.tests.backend_test.TestSchools" name="test_filter_admission_open" time="0.110" /><testcase classname="backend.tests.backend_test.TestSchools" name="test_search" time="0.152" /><testcase classname="backend.tests.backend_test.TestCities" name="test_cities_endpoint" time="0.104" /><testcase classname="backend.tests.backend_test.TestCities" name="test_city_filter[Mumbai-35]" time="0.096" /><testcase classname="backend.tests.backend_test.TestCities" name="test_city_filter[Bangalore-15]" time="0.107" /><testcase classname="backend.tests.backend_test.TestCities" name="test_city_filter[Delhi-10]" time="0.111" /><testcase classname="backend.tests.backend_test.TestCities" name="test_city_filter[Noida-10]" time="0.096" /><testcase classname="backend.tests.backend_test.TestCities" name="test_city_filter[Gurgaon-10]" time="0.105" /><testcase classname="backend.tests.backend_test.TestCities" name="test_meta_city_filter" time="0.216" /><testcase classname="backend.tests.backend_test.TestDocumentUploads" name="test_upload_requires_auth" time="0.982" /><testcase classname="backend.tests.backend_test.TestDocumentUploads" name="test_upload_app_not_found" time="0.101" /><testcase classname="backend.tests.backend_test.TestDocumentUploads" name="test_upload_doc_not_found" time="0.109" /><testcase classname="backend.tests.backend_test.TestDocumentUploads" name="test_upload_too_large" time="0.423" /><testcase classname="backend.tests.backend_test.TestDocumentUploads" name="test_upload_download_delete_flow" time="1.025" /><testcase classname="backend.tests.backend_test.TestAuth" name="test_me_no_auth_401" time="0.128" /><testcase classname="backend.tests.backend_test.TestAuth" name="test_me_invalid_token_401" time="0.097" /><testcase classname="backend.tests.backend_test.TestAuth" name="test_me_valid" time="0.100" /><testcase classname="backend.tests.backend_test.TestAuth" name="test_session_invalid_session_id" time="0.293" /><testcase classname="backend.tests.backend_test.TestApplications" name="test_list_unauth" time="0.114" /><testcase classname="backend.tests.backend_test.TestApplications" name="test_full_crud" time="0.618" /><testcase classname="backend.tests.backend_test.TestApplications" name="test_create_invalid_school" time="0.105" /><testcase classname="backend.tests.backend_test.TestFavourites" name="test_unauth" time="0.199" /><testcase classname="backend.tests.backend_test.TestFavourites" name="test_flow" time="0.897" /><testcase classname="backend.tests.backend_test.TestFavourites" name="test_add_invalid_school" time="0.107" /></testsuite></testsuites>