<?xml version="1.0" encoding="utf-8"?><testsuites name="pytest tests"><testsuite name="pytest" errors="0" failures="0" skipped="0" tests="20" time="5.137" timestamp="2026-05-11T11:14:39.287226+00:00" hostname="agent-env-a6c92e5d-e411-4769-baa2-4976b9f791bb"><testcase classname="backend.tests.backend_test.TestSchools" name="test_list_schools_returns_50" time="0.239" /><testcase classname="backend.tests.backend_test.TestSchools" name="test_meta" time="0.138" /><testcase classname="backend.tests.backend_test.TestSchools" name="test_get_single_school" time="0.319" /><testcase classname="backend.tests.backend_test.TestSchools" name="test_get_school_404" time="0.183" /><testcase classname="backend.tests.backend_test.TestSchools" name="test_filter_by_area" time="0.301" /><testcase classname="backend.tests.backend_test.TestSchools" name="test_filter_by_board" time="0.135" /><testcase classname="backend.tests.backend_test.TestSchools" name="test_filter_by_facility" time="0.119" /><testcase classname="backend.tests.backend_test.TestSchools" name="test_filter_fees_max" time="0.098" /><testcase classname="backend.tests.backend_test.TestSchools" name="test_filter_admission_open" time="0.100" /><testcase classname="backend.tests.backend_test.TestSchools" name="test_search" time="0.204" /><testcase classname="backend.tests.backend_test.TestAuth" name="test_me_no_auth_401" time="0.108" /><testcase classname="backend.tests.backend_test.TestAuth" name="test_me_invalid_token_401" time="0.099" /><testcase classname="backend.tests.backend_test.TestAuth" name="test_me_valid" time="0.507" /><testcase classname="backend.tests.backend_test.TestAuth" name="test_session_invalid_session_id" time="0.219" /><testcase classname="backend.tests.backend_test.TestApplications" name="test_list_unauth" time="0.131" /><testcase classname="backend.tests.backend_test.TestApplications" name="test_full_crud" time="0.686" /><testcase classname="backend.tests.backend_test.TestApplications" name="test_create_invalid_school" time="0.119" /><testcase classname="backend.tests.backend_test.TestFavourites" name="test_unauth" time="0.249" /><testcase classname="backend.tests.backend_test.TestFavourites" name="test_flow" time="0.980" /><testcase classname="backend.tests.backend_test.TestFavourites" name="test_add_invalid_school" time="0.114" /></testsuite></testsuites>